{
  "stats": {
    "suites": 5,
    "tests": 25,
    "passes": 25,
    "pending": 0,
    "failures": 0,
    "start": "2024-11-29T20:36:50.831Z",
    "end": "2024-11-29T20:37:41.394Z",
    "duration": 50563,
    "testsRegistered": 25,
    "passPercent": 100,
    "pendingPercent": 0,
    "other": 0,
    "hasOther": false,
    "skipped": 0,
    "hasSkipped": false
  },
  "results": [
    {
      "uuid": "0fc8bf98-07a5-4eaa-bf78-72baface7f94",
      "title": "",
      "fullFile": "",
      "file": "",
      "beforeHooks": [],
      "afterHooks": [],
      "tests": [],
      "suites": [
        {
          "uuid": "c25f3691-bfd7-481e-83e7-799523ad2cdb",
          "title": "End to End Categories Management",
          "fullFile": "D:\\QA\\mocha-chai\\api-mocha-kasirAja\\test\\suites\\category.suite.js",
          "file": "\\test\\suites\\category.suite.js",
          "beforeHooks": [
            {
              "title": "\"before all\" hook in \"End to End Categories Management\"",
              "fullTitle": "End to End Categories Management \"before all\" hook in \"End to End Categories Management\"",
              "timedOut": false,
              "duration": 2527,
              "state": null,
              "speed": null,
              "pass": false,
              "fail": false,
              "pending": false,
              "context": null,
              "code": "accessToken = await getAccessToken();",
              "err": {},
              "uuid": "2b98773a-8a62-4bb8-b3f4-e0b7f167a18f",
              "parentUUID": "c25f3691-bfd7-481e-83e7-799523ad2cdb",
              "isHook": true,
              "skipped": false
            }
          ],
          "afterHooks": [],
          "tests": [
            {
              "title": "POST - Add Category",
              "fullTitle": "End to End Categories Management POST - Add Category",
              "timedOut": false,
              "duration": 2491,
              "state": "passed",
              "speed": "slow",
              "pass": true,
              "fail": false,
              "pending": false,
              "context": null,
              "code": "const response = await postAddCategory(accessToken);\ncategoryId = response.body.data.categoryId;\nexpect((await response).status).to.equal(201);\nexpect((await response).body.message).to.equal('Category berhasil ditambahkan');\nexpect((await response).body.status).to.equal('success');\nconsole.log(\"Status:\", response.status);\nconsole.log(\"Response Body:\", response.body);",
              "err": {},
              "uuid": "8b4f20b4-e803-4b10-b07b-7f5e482cf76c",
              "parentUUID": "c25f3691-bfd7-481e-83e7-799523ad2cdb",
              "isHook": false,
              "skipped": false
            },
            {
              "title": "GET - Category Detail",
              "fullTitle": "End to End Categories Management GET - Category Detail",
              "timedOut": false,
              "duration": 1575,
              "state": "passed",
              "speed": "slow",
              "pass": true,
              "fail": false,
              "pending": false,
              "context": null,
              "code": "const response = await getCategoryDetail(categoryId, accessToken);\nexpect((await response).status).to.equal(200);\nexpect((await response).body.status).to.equal('success');\nconsole.log(\"Status:\", response.status);\nconsole.log(\"Response Body:\", response.body);",
              "err": {},
              "uuid": "774931c5-c856-434d-9f7e-0652f1b4bc2c",
              "parentUUID": "c25f3691-bfd7-481e-83e7-799523ad2cdb",
              "isHook": false,
              "skipped": false
            },
            {
              "title": "GET - Category List",
              "fullTitle": "End to End Categories Management GET - Category List",
              "timedOut": false,
              "duration": 1041,
              "state": "passed",
              "speed": "slow",
              "pass": true,
              "fail": false,
              "pending": false,
              "context": null,
              "code": "const response = await getCategoryList(accessToken);\nexpect((await response).status).to.equal(200);\nexpect((await response).body.status).to.equal('success');\nconsole.log(\"Status:\", response.status);\nconsole.log(\"Response Body:\", response.body.data);",
              "err": {},
              "uuid": "04c832f4-1f45-498a-9f0a-ca812aa98498",
              "parentUUID": "c25f3691-bfd7-481e-83e7-799523ad2cdb",
              "isHook": false,
              "skipped": false
            },
            {
              "title": "PUT - Update Category",
              "fullTitle": "End to End Categories Management PUT - Update Category",
              "timedOut": false,
              "duration": 1396,
              "state": "passed",
              "speed": "slow",
              "pass": true,
              "fail": false,
              "pending": false,
              "context": null,
              "code": "const expectedName = 'Update-Milky';\nconst response = await putUpdateCategory(categoryId, accessToken);\nexpect((await response).status).to.equal(200);\nexpect((await response).body.status).to.equal('success');\nexpect((await response).body.data.name).to.equal(expectedName);\nconsole.log(\"Status:\", response.status);\nconsole.log(\"Response Body:\", response.body);",
              "err": {},
              "uuid": "3b1fb80d-e8d1-4d46-9ffe-953d4e6feb4b",
              "parentUUID": "c25f3691-bfd7-481e-83e7-799523ad2cdb",
              "isHook": false,
              "skipped": false
            },
            {
              "title": "DELETE - Category",
              "fullTitle": "End to End Categories Management DELETE - Category",
              "timedOut": false,
              "duration": 1590,
              "state": "passed",
              "speed": "slow",
              "pass": true,
              "fail": false,
              "pending": false,
              "context": null,
              "code": "const response = await deleteCategory(categoryId, accessToken);\nexpect((await response).status).to.equal(200);\nexpect((await response).body.status).to.equal('success');\nexpect((await response).body.data).to.be.an('object').that.is.empty;\nconsole.log(\"Status:\", response.status);\nconsole.log(\"Response Body:\", response.body);",
              "err": {},
              "uuid": "b9f07f5f-26cb-4225-9602-d27e8f879220",
              "parentUUID": "c25f3691-bfd7-481e-83e7-799523ad2cdb",
              "isHook": false,
              "skipped": false
            }
          ],
          "suites": [],
          "passes": [
            "8b4f20b4-e803-4b10-b07b-7f5e482cf76c",
            "774931c5-c856-434d-9f7e-0652f1b4bc2c",
            "04c832f4-1f45-498a-9f0a-ca812aa98498",
            "3b1fb80d-e8d1-4d46-9ffe-953d4e6feb4b",
            "b9f07f5f-26cb-4225-9602-d27e8f879220"
          ],
          "failures": [],
          "pending": [],
          "skipped": [],
          "duration": 8093,
          "root": false,
          "rootEmpty": false,
          "_timeout": 10000
        },
        {
          "uuid": "dfe9daaa-f71d-4431-b143-5f2295094918",
          "title": "End to End Customer Management",
          "fullFile": "D:\\QA\\mocha-chai\\api-mocha-kasirAja\\test\\suites\\customer.suite.js",
          "file": "\\test\\suites\\customer.suite.js",
          "beforeHooks": [
            {
              "title": "\"before all\" hook in \"End to End Customer Management\"",
              "fullTitle": "End to End Customer Management \"before all\" hook in \"End to End Customer Management\"",
              "timedOut": false,
              "duration": 2399,
              "state": null,
              "speed": null,
              "pass": false,
              "fail": false,
              "pending": false,
              "context": null,
              "code": "accessToken = await getAccessToken();",
              "err": {},
              "uuid": "5b79ddef-35c9-4944-aa2a-f35514426bb9",
              "parentUUID": "dfe9daaa-f71d-4431-b143-5f2295094918",
              "isHook": true,
              "skipped": false
            }
          ],
          "afterHooks": [],
          "tests": [
            {
              "title": "POST - Add Customer",
              "fullTitle": "End to End Customer Management POST - Add Customer",
              "timedOut": false,
              "duration": 1303,
              "state": "passed",
              "speed": "slow",
              "pass": true,
              "fail": false,
              "pending": false,
              "context": null,
              "code": "const response = await postAddCustomer(accessToken);\ncustomerId = response.body.data.customerId;\nexpect((await response).status).to.equal(201);\nexpect((await response).body.message).to.equal('Customer berhasil ditambahkan');\nexpect((await response).body.status).to.equal('success');\nconsole.log(\"Status:\", response.status);\nconsole.log(\"Response Body:\", response.body);",
              "err": {},
              "uuid": "fd04f6eb-e11c-48c9-8be9-10b722b720a6",
              "parentUUID": "dfe9daaa-f71d-4431-b143-5f2295094918",
              "isHook": false,
              "skipped": false
            },
            {
              "title": "GET - Customer Detail",
              "fullTitle": "End to End Customer Management GET - Customer Detail",
              "timedOut": false,
              "duration": 1411,
              "state": "passed",
              "speed": "slow",
              "pass": true,
              "fail": false,
              "pending": false,
              "context": null,
              "code": "const response = await getCustomerDetail(customerId, accessToken);\nexpect((await response).status).to.equal(200);\nexpect((await response).body.status).to.equal('success');\nconsole.log(\"Status:\", response.status);\nconsole.log(\"Response Body:\", response.body);",
              "err": {},
              "uuid": "217b92ee-b67c-4209-9c97-be0b5cf23760",
              "parentUUID": "dfe9daaa-f71d-4431-b143-5f2295094918",
              "isHook": false,
              "skipped": false
            },
            {
              "title": "GET - Customer List",
              "fullTitle": "End to End Customer Management GET - Customer List",
              "timedOut": false,
              "duration": 1394,
              "state": "passed",
              "speed": "slow",
              "pass": true,
              "fail": false,
              "pending": false,
              "context": null,
              "code": "const response = await getCustomerList(accessToken);\nexpect((await response).status).to.equal(200);\nexpect((await response).body.status).to.equal('success');\nconsole.log(\"Status:\", response.status);\nconsole.log(\"Response Body:\", response.body.data);",
              "err": {},
              "uuid": "eb2ec0c1-69d5-4e82-b4cd-5f9e10b2cff3",
              "parentUUID": "dfe9daaa-f71d-4431-b143-5f2295094918",
              "isHook": false,
              "skipped": false
            },
            {
              "title": "PUT - Update Customer",
              "fullTitle": "End to End Customer Management PUT - Update Customer",
              "timedOut": false,
              "duration": 1506,
              "state": "passed",
              "speed": "slow",
              "pass": true,
              "fail": false,
              "pending": false,
              "context": null,
              "code": "const response = await putUpdateCustomer(customerId, accessToken);\nexpect((await response).status).to.equal(200);\nexpect((await response).body.status).to.equal('success');\nconsole.log(\"Status:\", response.status);\nconsole.log(\"Response Body:\", response.body);",
              "err": {},
              "uuid": "3743aa6d-614d-4da6-9c9b-96644cb13e7e",
              "parentUUID": "dfe9daaa-f71d-4431-b143-5f2295094918",
              "isHook": false,
              "skipped": false
            },
            {
              "title": "DELETE - Customer",
              "fullTitle": "End to End Customer Management DELETE - Customer",
              "timedOut": false,
              "duration": 1505,
              "state": "passed",
              "speed": "slow",
              "pass": true,
              "fail": false,
              "pending": false,
              "context": null,
              "code": "const response = await deleteCustomer(customerId, accessToken);\nexpect((await response).status).to.equal(200);\nexpect((await response).body.status).to.equal('success');\nexpect((await response).body.data).to.be.an('object').that.is.empty;\nconsole.log(\"Status:\", response.status);\nconsole.log(\"Response Body:\", response.body);",
              "err": {},
              "uuid": "69873f09-963b-42c6-be30-8df1a3ccc07e",
              "parentUUID": "dfe9daaa-f71d-4431-b143-5f2295094918",
              "isHook": false,
              "skipped": false
            }
          ],
          "suites": [],
          "passes": [
            "fd04f6eb-e11c-48c9-8be9-10b722b720a6",
            "217b92ee-b67c-4209-9c97-be0b5cf23760",
            "eb2ec0c1-69d5-4e82-b4cd-5f9e10b2cff3",
            "3743aa6d-614d-4da6-9c9b-96644cb13e7e",
            "69873f09-963b-42c6-be30-8df1a3ccc07e"
          ],
          "failures": [],
          "pending": [],
          "skipped": [],
          "duration": 7119,
          "root": false,
          "rootEmpty": false,
          "_timeout": 10000
        },
        {
          "uuid": "b47953ed-3862-4cea-a1bb-d723418cef9d",
          "title": "End to End Products Management",
          "fullFile": "D:\\QA\\mocha-chai\\api-mocha-kasirAja\\test\\suites\\product.suite.js",
          "file": "\\test\\suites\\product.suite.js",
          "beforeHooks": [
            {
              "title": "\"before all\" hook in \"End to End Products Management\"",
              "fullTitle": "End to End Products Management \"before all\" hook in \"End to End Products Management\"",
              "timedOut": false,
              "duration": 4512,
              "state": null,
              "speed": null,
              "pass": false,
              "fail": false,
              "pending": false,
              "context": null,
              "code": "accessToken = await getAccessToken();\nespressoId = '08a10107-e0de-4275-b705-8ca5e233add7';",
              "err": {},
              "uuid": "8b7b7f42-6425-4491-b1af-5968e62eb2b1",
              "parentUUID": "b47953ed-3862-4cea-a1bb-d723418cef9d",
              "isHook": true,
              "skipped": false
            }
          ],
          "afterHooks": [],
          "tests": [
            {
              "title": "POST - Add Product",
              "fullTitle": "End to End Products Management POST - Add Product",
              "timedOut": false,
              "duration": 1567,
              "state": "passed",
              "speed": "slow",
              "pass": true,
              "fail": false,
              "pending": false,
              "context": null,
              "code": "const response = await postAddProduct(espressoId, accessToken);\nproductId = response.body.data.productId;\nexpect((await response).status).to.equal(201);\nexpect((await response).body.message).to.equal('Product berhasil ditambahkan');\nexpect((await response).body.status).to.equal('success');\nconsole.log(\"Status:\", response.status);\nconsole.log(\"Response Body:\", response.body);",
              "err": {},
              "uuid": "abedfb41-1aa0-4ada-b3fe-f9bd10c3e526",
              "parentUUID": "b47953ed-3862-4cea-a1bb-d723418cef9d",
              "isHook": false,
              "skipped": false
            },
            {
              "title": "GET - Product Detail",
              "fullTitle": "End to End Products Management GET - Product Detail",
              "timedOut": false,
              "duration": 999,
              "state": "passed",
              "speed": "slow",
              "pass": true,
              "fail": false,
              "pending": false,
              "context": null,
              "code": "const response = await getProductDetail(productId, accessToken);\nexpect((await response).status).to.equal(200);\nexpect((await response).body.status).to.equal('success');\nconsole.log(\"Status:\", response.status);\nconsole.log(\"Response Body:\", response.body);",
              "err": {},
              "uuid": "5359c8f9-f50c-46f4-aa1c-570590aa4b47",
              "parentUUID": "b47953ed-3862-4cea-a1bb-d723418cef9d",
              "isHook": false,
              "skipped": false
            },
            {
              "title": "GET - Product List",
              "fullTitle": "End to End Products Management GET - Product List",
              "timedOut": false,
              "duration": 1470,
              "state": "passed",
              "speed": "slow",
              "pass": true,
              "fail": false,
              "pending": false,
              "context": null,
              "code": "const response = await getProductList(accessToken);\nexpect((await response).status).to.equal(200);\nexpect((await response).body.status).to.equal('success');\nconsole.log(\"Status:\", response.status);\nconsole.log(\"Response Body:\", response.body.data);",
              "err": {},
              "uuid": "315b21f9-0dfc-4c80-a31f-89989cd14950",
              "parentUUID": "b47953ed-3862-4cea-a1bb-d723418cef9d",
              "isHook": false,
              "skipped": false
            },
            {
              "title": "PUT - Update Product",
              "fullTitle": "End to End Products Management PUT - Update Product",
              "timedOut": false,
              "duration": 1374,
              "state": "passed",
              "speed": "slow",
              "pass": true,
              "fail": false,
              "pending": false,
              "context": null,
              "code": "const response = await putUpdateProduct(espressoId, productId, accessToken);\nexpect((await response).status).to.equal(200);\nexpect((await response).body.status).to.equal('success');\nconsole.log(\"Status:\", response.status);\nconsole.log(\"Response Body:\", response.body);",
              "err": {},
              "uuid": "eb147bdb-469a-45f7-8c42-256a862f6e68",
              "parentUUID": "b47953ed-3862-4cea-a1bb-d723418cef9d",
              "isHook": false,
              "skipped": false
            },
            {
              "title": "DELETE - Product",
              "fullTitle": "End to End Products Management DELETE - Product",
              "timedOut": false,
              "duration": 1021,
              "state": "passed",
              "speed": "slow",
              "pass": true,
              "fail": false,
              "pending": false,
              "context": null,
              "code": "const response = await deleteProduct(productId, accessToken);\nexpect((await response).status).to.equal(200);\nexpect((await response).body.status).to.equal('success');\nexpect((await response).body.message).to.equal('Product berhasil dihapus')\nconsole.log(\"Status:\", response.status);\nconsole.log(\"Response Body:\", response.body);",
              "err": {},
              "uuid": "1ee4de7e-f764-4bbc-97cf-2d2cf88324ce",
              "parentUUID": "b47953ed-3862-4cea-a1bb-d723418cef9d",
              "isHook": false,
              "skipped": false
            }
          ],
          "suites": [],
          "passes": [
            "abedfb41-1aa0-4ada-b3fe-f9bd10c3e526",
            "5359c8f9-f50c-46f4-aa1c-570590aa4b47",
            "315b21f9-0dfc-4c80-a31f-89989cd14950",
            "eb147bdb-469a-45f7-8c42-256a862f6e68",
            "1ee4de7e-f764-4bbc-97cf-2d2cf88324ce"
          ],
          "failures": [],
          "pending": [],
          "skipped": [],
          "duration": 6431,
          "root": false,
          "rootEmpty": false,
          "_timeout": 10000
        },
        {
          "uuid": "7ddc4501-d8b6-4355-bb1d-e4243e09a775",
          "title": "End to End Unit Management Testing",
          "fullFile": "D:\\QA\\mocha-chai\\api-mocha-kasirAja\\test\\suites\\unit.suite.js",
          "file": "\\test\\suites\\unit.suite.js",
          "beforeHooks": [
            {
              "title": "\"before all\" hook in \"End to End Unit Management Testing\"",
              "fullTitle": "End to End Unit Management Testing \"before all\" hook in \"End to End Unit Management Testing\"",
              "timedOut": false,
              "duration": 3330,
              "state": null,
              "speed": null,
              "pass": false,
              "fail": false,
              "pending": false,
              "context": null,
              "code": "accessToken = await getAccessToken();",
              "err": {},
              "uuid": "e6eb6446-54de-4e41-918d-d9e890407e13",
              "parentUUID": "7ddc4501-d8b6-4355-bb1d-e4243e09a775",
              "isHook": true,
              "skipped": false
            }
          ],
          "afterHooks": [],
          "tests": [
            {
              "title": "POST - Add Unit",
              "fullTitle": "End to End Unit Management Testing POST - Add Unit",
              "timedOut": false,
              "duration": 1495,
              "state": "passed",
              "speed": "slow",
              "pass": true,
              "fail": false,
              "pending": false,
              "context": null,
              "code": "const response = await postCreateUnit(accessToken);\nunitId = response.body.data.unitId\nexpect((await response).status).to.equal(201);\nexpect((await response).body.message).to.equal('Unit berhasil ditambahkan');\nexpect((await response).body.status).to.equal('success');\nexpect((await response).body.data.name).to.equal('gram');\nconsole.log(\"Status:\", response.status);\nconsole.log(\"Response Body:\", response.body);",
              "err": {},
              "uuid": "ab4dbd3e-c41b-4d79-a59f-6d0a3764d8d1",
              "parentUUID": "7ddc4501-d8b6-4355-bb1d-e4243e09a775",
              "isHook": false,
              "skipped": false
            },
            {
              "title": "Get - Unit Detail",
              "fullTitle": "End to End Unit Management Testing Get - Unit Detail",
              "timedOut": false,
              "duration": 987,
              "state": "passed",
              "speed": "slow",
              "pass": true,
              "fail": false,
              "pending": false,
              "context": null,
              "code": "const response = await getUnitDetail(unitId, accessToken);\nexpect((await response).status).to.equal(200);\nexpect((await response).body.status).to.equal('success');\nconsole.log(\"Status:\", response.status);\nconsole.log(\"Response Body:\", response.body);",
              "err": {},
              "uuid": "ed46a721-3de3-4958-95df-d5d2f3797525",
              "parentUUID": "7ddc4501-d8b6-4355-bb1d-e4243e09a775",
              "isHook": false,
              "skipped": false
            },
            {
              "title": "GET - User List",
              "fullTitle": "End to End Unit Management Testing GET - User List",
              "timedOut": false,
              "duration": 1516,
              "state": "passed",
              "speed": "slow",
              "pass": true,
              "fail": false,
              "pending": false,
              "context": null,
              "code": "const response = await getUnitList(accessToken);\nexpect((await response).status).to.equal(200);\nexpect((await response).body.status).to.equal('success');\nconsole.log(\"Status:\", response.status);\nconsole.log(\"Response Body:\", response.body.data);",
              "err": {},
              "uuid": "c129125f-9571-4301-9fd3-c31db603687d",
              "parentUUID": "7ddc4501-d8b6-4355-bb1d-e4243e09a775",
              "isHook": false,
              "skipped": false
            },
            {
              "title": "PUT - Update Unit",
              "fullTitle": "End to End Unit Management Testing PUT - Update Unit",
              "timedOut": false,
              "duration": 1004,
              "state": "passed",
              "speed": "slow",
              "pass": true,
              "fail": false,
              "pending": false,
              "context": null,
              "code": "const response = await putUpdateUnit(unitId, accessToken);\nconst expectedName = 'update-gram';\nexpect((await response).status).to.equal(200);\nexpect((await response).body.status).to.equal('success');\nexpect((await response).body.data.name).to.equal(expectedName);\nconsole.log(\"Status:\", response.status);\nconsole.log(\"Response Body:\", response.body);",
              "err": {},
              "uuid": "0803852e-f3f9-43f5-b69b-a87df752f11b",
              "parentUUID": "7ddc4501-d8b6-4355-bb1d-e4243e09a775",
              "isHook": false,
              "skipped": false
            },
            {
              "title": "DELETE - Unit",
              "fullTitle": "End to End Unit Management Testing DELETE - Unit",
              "timedOut": false,
              "duration": 924,
              "state": "passed",
              "speed": "slow",
              "pass": true,
              "fail": false,
              "pending": false,
              "context": null,
              "code": "const response = await deleteUnit(unitId, accessToken);\nexpect((await response).status).to.equal(200);\nexpect((await response).body.status).to.equal('success');\nexpect((await response).body.data).to.be.an('object').that.is.empty;\nconsole.log(\"Status:\", response.status);\nconsole.log(\"Response Body:\", response.body);",
              "err": {},
              "uuid": "969eb1be-6156-4ea3-a43a-af291aec6529",
              "parentUUID": "7ddc4501-d8b6-4355-bb1d-e4243e09a775",
              "isHook": false,
              "skipped": false
            }
          ],
          "suites": [],
          "passes": [
            "ab4dbd3e-c41b-4d79-a59f-6d0a3764d8d1",
            "ed46a721-3de3-4958-95df-d5d2f3797525",
            "c129125f-9571-4301-9fd3-c31db603687d",
            "0803852e-f3f9-43f5-b69b-a87df752f11b",
            "969eb1be-6156-4ea3-a43a-af291aec6529"
          ],
          "failures": [],
          "pending": [],
          "skipped": [],
          "duration": 5926,
          "root": false,
          "rootEmpty": false,
          "_timeout": 10000
        },
        {
          "uuid": "46945935-42a7-4029-9a6b-bcb945a47d89",
          "title": "End to End User Management Testing",
          "fullFile": "D:\\QA\\mocha-chai\\api-mocha-kasirAja\\test\\suites\\user.suite.js",
          "file": "\\test\\suites\\user.suite.js",
          "beforeHooks": [
            {
              "title": "\"before all\" hook in \"End to End User Management Testing\"",
              "fullTitle": "End to End User Management Testing \"before all\" hook in \"End to End User Management Testing\"",
              "timedOut": false,
              "duration": 1748,
              "state": null,
              "speed": null,
              "pass": false,
              "fail": false,
              "pending": false,
              "context": null,
              "code": "accessToken = await getAccessToken();",
              "err": {},
              "uuid": "a037b58c-8df9-4013-9b31-68db05e99894",
              "parentUUID": "46945935-42a7-4029-9a6b-bcb945a47d89",
              "isHook": true,
              "skipped": false
            }
          ],
          "afterHooks": [],
          "tests": [
            {
              "title": "POST - Create User Successful",
              "fullTitle": "End to End User Management Testing POST - Create User Successful",
              "timedOut": false,
              "duration": 3669,
              "state": "passed",
              "speed": "slow",
              "pass": true,
              "fail": false,
              "pending": false,
              "context": null,
              "code": "const response = await postCreateUser(accessToken);\nuserId = response.body.data.userId\nexpect(response.status).to.equal(201);\nexpect(response.body.message).to.equal('User berhasil ditambahkan');\nexpect(response.body.status).to.equal('success');\nconsole.log(\"Status:\", response.status);\nconsole.log(\"Response Body:\", response.body);",
              "err": {},
              "uuid": "7b23d17b-6f0c-48c0-ab76-944e39d5e29a",
              "parentUUID": "46945935-42a7-4029-9a6b-bcb945a47d89",
              "isHook": false,
              "skipped": false
            },
            {
              "title": "GET - User Detail ",
              "fullTitle": "End to End User Management Testing GET - User Detail ",
              "timedOut": false,
              "duration": 1451,
              "state": "passed",
              "speed": "slow",
              "pass": true,
              "fail": false,
              "pending": false,
              "context": null,
              "code": "const response = await getUser(userId, accessToken);\nconst expectedName = 'akbar';\nexpect(response.status).to.equal(200);\nexpect(response.body.status).to.equal('success');\nexpect(response.body.data.user.name).to.equal(expectedName);\nconsole.log(\"Status:\", response.status);\nconsole.log(\"Response Body:\", response.body.data.user)",
              "err": {},
              "uuid": "f90279c9-20b1-44fd-bb7b-5d2363600a42",
              "parentUUID": "46945935-42a7-4029-9a6b-bcb945a47d89",
              "isHook": false,
              "skipped": false
            },
            {
              "title": "GET - Users List",
              "fullTitle": "End to End User Management Testing GET - Users List",
              "timedOut": false,
              "duration": 1430,
              "state": "passed",
              "speed": "slow",
              "pass": true,
              "fail": false,
              "pending": false,
              "context": null,
              "code": "const response = await getUserList(accessToken);\nexpect(response.status).to.equal(200);\nexpect(response.body.status).to.equal('success');\nconsole.log(\"Status:\", response.status);\nconsole.log(\"Response Body:\", response.body);",
              "err": {},
              "uuid": "451e5cc3-785b-47ea-bd58-a2f144905040",
              "parentUUID": "46945935-42a7-4029-9a6b-bcb945a47d89",
              "isHook": false,
              "skipped": false
            },
            {
              "title": "PUT - Update User",
              "fullTitle": "End to End User Management Testing PUT - Update User",
              "timedOut": false,
              "duration": 900,
              "state": "passed",
              "speed": "slow",
              "pass": true,
              "fail": false,
              "pending": false,
              "context": null,
              "code": "const response = await putUpdateUser(userId, accessToken);\nconst expectedName = 'akbar-update'\nexpect(response.status).to.equal(200);\nexpect(response.body.status).to.equal('success');\nexpect(response.body.message).to.equal('User berhasil diupdate');\nexpect(response.body.data.name).to.equal(expectedName);\nconsole.log(\"Status:\", response.status);\nconsole.log(\"Response Body:\", response.body.data);",
              "err": {},
              "uuid": "37939718-90d5-4fd1-98a3-a79c38dd227c",
              "parentUUID": "46945935-42a7-4029-9a6b-bcb945a47d89",
              "isHook": false,
              "skipped": false
            },
            {
              "title": "DELETE - User Successful",
              "fullTitle": "End to End User Management Testing DELETE - User Successful",
              "timedOut": false,
              "duration": 978,
              "state": "passed",
              "speed": "slow",
              "pass": true,
              "fail": false,
              "pending": false,
              "context": null,
              "code": "const response = await deleteUser(userId, accessToken);\nexpect(response.status).to.equal(200);\nexpect(response.body.status).to.equal('success');\nexpect(response.body.message).to.equal('User berhasil dihapus');\nconsole.log(\"Status:\", response.status);\nconsole.log(\"Response Body:\", response.body);",
              "err": {},
              "uuid": "a41720d9-8d90-4b6b-a7fb-c48cbd8e9183",
              "parentUUID": "46945935-42a7-4029-9a6b-bcb945a47d89",
              "isHook": false,
              "skipped": false
            }
          ],
          "suites": [],
          "passes": [
            "7b23d17b-6f0c-48c0-ab76-944e39d5e29a",
            "f90279c9-20b1-44fd-bb7b-5d2363600a42",
            "451e5cc3-785b-47ea-bd58-a2f144905040",
            "37939718-90d5-4fd1-98a3-a79c38dd227c",
            "a41720d9-8d90-4b6b-a7fb-c48cbd8e9183"
          ],
          "failures": [],
          "pending": [],
          "skipped": [],
          "duration": 8428,
          "root": false,
          "rootEmpty": false,
          "_timeout": 10000
        }
      ],
      "passes": [],
      "failures": [],
      "pending": [],
      "skipped": [],
      "duration": 0,
      "root": true,
      "rootEmpty": true,
      "_timeout": 10000
    }
  ],
  "meta": {
    "mocha": {
      "version": "10.8.2"
    },
    "mochawesome": {
      "options": {
        "quiet": false,
        "reportFilename": "mochawesome",
        "saveHtml": true,
        "saveJson": true,
        "consoleReporter": "spec",
        "useInlineDiffs": false,
        "code": true
      },
      "version": "7.1.3"
    },
    "marge": {
      "options": null,
      "version": "6.2.0"
    }
  }
}