{
  "stats": {
    "suites": 5,
    "tests": 25,
    "passes": 25,
    "pending": 0,
    "failures": 0,
    "start": "2024-11-29T23:51:55.690Z",
    "end": "2024-11-29T23:52:50.015Z",
    "duration": 54325,
    "testsRegistered": 25,
    "passPercent": 100,
    "pendingPercent": 0,
    "other": 0,
    "hasOther": false,
    "skipped": 0,
    "hasSkipped": false
  },
  "results": [
    {
      "uuid": "85f44399-1f7f-457c-82fe-ed0bb3398936",
      "title": "",
      "fullFile": "",
      "file": "",
      "beforeHooks": [],
      "afterHooks": [],
      "tests": [],
      "suites": [
        {
          "uuid": "2c1fbe36-5ab0-4700-9da3-761757800852",
          "title": "End to End Categories Management",
          "fullFile": "D:\\QA\\mocha-chai\\api-mocha-kasirAja\\test\\suites\\category.suite.js",
          "file": "\\test\\suites\\category.suite.js",
          "beforeHooks": [
            {
              "title": "\"before all\" hook in \"End to End Categories Management\"",
              "fullTitle": "End to End Categories Management \"before all\" hook in \"End to End Categories Management\"",
              "timedOut": false,
              "duration": 4432,
              "state": null,
              "speed": null,
              "pass": false,
              "fail": false,
              "pending": false,
              "context": null,
              "code": "accessToken = await getAccessToken();",
              "err": {},
              "uuid": "e9a1b70e-3d56-43a8-ba16-cc16a230c852",
              "parentUUID": "2c1fbe36-5ab0-4700-9da3-761757800852",
              "isHook": true,
              "skipped": false
            }
          ],
          "afterHooks": [],
          "tests": [
            {
              "title": "POST - Add Category",
              "fullTitle": "End to End Categories Management POST - Add Category",
              "timedOut": false,
              "duration": 1276,
              "state": "passed",
              "speed": "slow",
              "pass": true,
              "fail": false,
              "pending": false,
              "context": null,
              "code": "const response = await postAddCategory(accessToken);\ncategoryId = response.body.data.categoryId;\nexpect((await response).status).to.equal(201);\nexpect((await response).body.message).to.equal('Category berhasil ditambahkan');\nexpect((await response).body.status).to.equal('success');\nconsole.log(\"Status:\", response.status);\nconsole.log(\"Response Body:\", response.body);",
              "err": {},
              "uuid": "29c116a1-3d4e-4d5f-b7e4-0acf0bc3293e",
              "parentUUID": "2c1fbe36-5ab0-4700-9da3-761757800852",
              "isHook": false,
              "skipped": false
            },
            {
              "title": "GET - Category Detail",
              "fullTitle": "End to End Categories Management GET - Category Detail",
              "timedOut": false,
              "duration": 1702,
              "state": "passed",
              "speed": "slow",
              "pass": true,
              "fail": false,
              "pending": false,
              "context": null,
              "code": "const response = await getCategoryDetail(categoryId, accessToken);\nexpect((await response).status).to.equal(200);\nexpect((await response).body.status).to.equal('success');\nconsole.log(\"Status:\", response.status);\nconsole.log(\"Response Body:\", response.body);",
              "err": {},
              "uuid": "5ce39035-e51f-4d3c-9ff8-8292948645e7",
              "parentUUID": "2c1fbe36-5ab0-4700-9da3-761757800852",
              "isHook": false,
              "skipped": false
            },
            {
              "title": "GET - Category List",
              "fullTitle": "End to End Categories Management GET - Category List",
              "timedOut": false,
              "duration": 1402,
              "state": "passed",
              "speed": "slow",
              "pass": true,
              "fail": false,
              "pending": false,
              "context": null,
              "code": "const response = await getCategoryList(accessToken);\nexpect((await response).status).to.equal(200);\nexpect((await response).body.status).to.equal('success');\nconsole.log(\"Status:\", response.status);\nconsole.log(\"Response Body:\", response.body.data);",
              "err": {},
              "uuid": "b981b569-bc7f-43f7-968a-b52ca1ac0c2c",
              "parentUUID": "2c1fbe36-5ab0-4700-9da3-761757800852",
              "isHook": false,
              "skipped": false
            },
            {
              "title": "PUT - Update Category",
              "fullTitle": "End to End Categories Management PUT - Update Category",
              "timedOut": false,
              "duration": 1390,
              "state": "passed",
              "speed": "slow",
              "pass": true,
              "fail": false,
              "pending": false,
              "context": null,
              "code": "const expectedName = 'Update-Milky';\nconst response = await putUpdateCategory(categoryId, accessToken);\nexpect((await response).status).to.equal(200);\nexpect((await response).body.status).to.equal('success');\nexpect((await response).body.data.name).to.equal(expectedName);\nconsole.log(\"Status:\", response.status);\nconsole.log(\"Response Body:\", response.body);",
              "err": {},
              "uuid": "85f34c98-3002-4138-b8e7-964a2fc41914",
              "parentUUID": "2c1fbe36-5ab0-4700-9da3-761757800852",
              "isHook": false,
              "skipped": false
            },
            {
              "title": "DELETE - Category",
              "fullTitle": "End to End Categories Management DELETE - Category",
              "timedOut": false,
              "duration": 1461,
              "state": "passed",
              "speed": "slow",
              "pass": true,
              "fail": false,
              "pending": false,
              "context": null,
              "code": "const response = await deleteCategory(categoryId, accessToken);\nexpect((await response).status).to.equal(200);\nexpect((await response).body.status).to.equal('success');\nexpect((await response).body.data).to.be.an('object').that.is.empty;\nconsole.log(\"Status:\", response.status);\nconsole.log(\"Response Body:\", response.body);",
              "err": {},
              "uuid": "d8d73634-2cd3-4f56-b7ec-fe08efba088e",
              "parentUUID": "2c1fbe36-5ab0-4700-9da3-761757800852",
              "isHook": false,
              "skipped": false
            }
          ],
          "suites": [],
          "passes": [
            "29c116a1-3d4e-4d5f-b7e4-0acf0bc3293e",
            "5ce39035-e51f-4d3c-9ff8-8292948645e7",
            "b981b569-bc7f-43f7-968a-b52ca1ac0c2c",
            "85f34c98-3002-4138-b8e7-964a2fc41914",
            "d8d73634-2cd3-4f56-b7ec-fe08efba088e"
          ],
          "failures": [],
          "pending": [],
          "skipped": [],
          "duration": 7231,
          "root": false,
          "rootEmpty": false,
          "_timeout": 10000
        },
        {
          "uuid": "cc9d9bb6-0859-45bc-a903-e99313a66e43",
          "title": "End to End Customer Management",
          "fullFile": "D:\\QA\\mocha-chai\\api-mocha-kasirAja\\test\\suites\\customer.suite.js",
          "file": "\\test\\suites\\customer.suite.js",
          "beforeHooks": [
            {
              "title": "\"before all\" hook in \"End to End Customer Management\"",
              "fullTitle": "End to End Customer Management \"before all\" hook in \"End to End Customer Management\"",
              "timedOut": false,
              "duration": 4390,
              "state": null,
              "speed": null,
              "pass": false,
              "fail": false,
              "pending": false,
              "context": null,
              "code": "accessToken = await getAccessToken();",
              "err": {},
              "uuid": "e2de2ba3-db4f-47e6-b382-db28afd14720",
              "parentUUID": "cc9d9bb6-0859-45bc-a903-e99313a66e43",
              "isHook": true,
              "skipped": false
            }
          ],
          "afterHooks": [],
          "tests": [
            {
              "title": "POST - Add Customer",
              "fullTitle": "End to End Customer Management POST - Add Customer",
              "timedOut": false,
              "duration": 2005,
              "state": "passed",
              "speed": "slow",
              "pass": true,
              "fail": false,
              "pending": false,
              "context": null,
              "code": "const response = await postAddCustomer(accessToken);\ncustomerId = response.body.data.customerId;\nexpect((await response).status).to.equal(201);\nexpect((await response).body.message).to.equal('Customer berhasil ditambahkan');\nexpect((await response).body.status).to.equal('success');\nconsole.log(\"Status:\", response.status);\nconsole.log(\"Response Body:\", response.body);",
              "err": {},
              "uuid": "faafae0b-596a-4024-aca8-8e01c01167f6",
              "parentUUID": "cc9d9bb6-0859-45bc-a903-e99313a66e43",
              "isHook": false,
              "skipped": false
            },
            {
              "title": "GET - Customer Detail",
              "fullTitle": "End to End Customer Management GET - Customer Detail",
              "timedOut": false,
              "duration": 1413,
              "state": "passed",
              "speed": "slow",
              "pass": true,
              "fail": false,
              "pending": false,
              "context": null,
              "code": "const response = await getCustomerDetail(customerId, accessToken);\nexpect((await response).status).to.equal(200);\nexpect((await response).body.status).to.equal('success');\nconsole.log(\"Status:\", response.status);\nconsole.log(\"Response Body:\", response.body);",
              "err": {},
              "uuid": "0a3735db-046c-463e-baa1-dda200a44109",
              "parentUUID": "cc9d9bb6-0859-45bc-a903-e99313a66e43",
              "isHook": false,
              "skipped": false
            },
            {
              "title": "GET - Customer List",
              "fullTitle": "End to End Customer Management GET - Customer List",
              "timedOut": false,
              "duration": 994,
              "state": "passed",
              "speed": "slow",
              "pass": true,
              "fail": false,
              "pending": false,
              "context": null,
              "code": "const response = await getCustomerList(accessToken);\nexpect((await response).status).to.equal(200);\nexpect((await response).body.status).to.equal('success');\nconsole.log(\"Status:\", response.status);\nconsole.log(\"Response Body:\", response.body.data);",
              "err": {},
              "uuid": "03220d98-b608-4747-b808-9caedf0ef99b",
              "parentUUID": "cc9d9bb6-0859-45bc-a903-e99313a66e43",
              "isHook": false,
              "skipped": false
            },
            {
              "title": "PUT - Update Customer",
              "fullTitle": "End to End Customer Management PUT - Update Customer",
              "timedOut": false,
              "duration": 1378,
              "state": "passed",
              "speed": "slow",
              "pass": true,
              "fail": false,
              "pending": false,
              "context": null,
              "code": "const response = await putUpdateCustomer(customerId, accessToken);\nexpect((await response).status).to.equal(200);\nexpect((await response).body.status).to.equal('success');\nconsole.log(\"Status:\", response.status);\nconsole.log(\"Response Body:\", response.body);",
              "err": {},
              "uuid": "0dc5fb6f-3e7d-4b87-97f5-70a0529c34f9",
              "parentUUID": "cc9d9bb6-0859-45bc-a903-e99313a66e43",
              "isHook": false,
              "skipped": false
            },
            {
              "title": "DELETE - Customer",
              "fullTitle": "End to End Customer Management DELETE - Customer",
              "timedOut": false,
              "duration": 975,
              "state": "passed",
              "speed": "slow",
              "pass": true,
              "fail": false,
              "pending": false,
              "context": null,
              "code": "const response = await deleteCustomer(customerId, accessToken);\nexpect((await response).status).to.equal(200);\nexpect((await response).body.status).to.equal('success');\nexpect((await response).body.data).to.be.an('object').that.is.empty;\nconsole.log(\"Status:\", response.status);\nconsole.log(\"Response Body:\", response.body);",
              "err": {},
              "uuid": "70da7bc8-ffd0-4c3f-a918-de02323008f2",
              "parentUUID": "cc9d9bb6-0859-45bc-a903-e99313a66e43",
              "isHook": false,
              "skipped": false
            }
          ],
          "suites": [],
          "passes": [
            "faafae0b-596a-4024-aca8-8e01c01167f6",
            "0a3735db-046c-463e-baa1-dda200a44109",
            "03220d98-b608-4747-b808-9caedf0ef99b",
            "0dc5fb6f-3e7d-4b87-97f5-70a0529c34f9",
            "70da7bc8-ffd0-4c3f-a918-de02323008f2"
          ],
          "failures": [],
          "pending": [],
          "skipped": [],
          "duration": 6765,
          "root": false,
          "rootEmpty": false,
          "_timeout": 10000
        },
        {
          "uuid": "03efc7fe-b43d-4e25-b16b-99ad4d52484b",
          "title": "End to End Products Management",
          "fullFile": "D:\\QA\\mocha-chai\\api-mocha-kasirAja\\test\\suites\\product.suite.js",
          "file": "\\test\\suites\\product.suite.js",
          "beforeHooks": [
            {
              "title": "\"before all\" hook in \"End to End Products Management\"",
              "fullTitle": "End to End Products Management \"before all\" hook in \"End to End Products Management\"",
              "timedOut": false,
              "duration": 1571,
              "state": null,
              "speed": null,
              "pass": false,
              "fail": false,
              "pending": false,
              "context": null,
              "code": "accessToken = await getAccessToken();\nespressoId = '08a10107-e0de-4275-b705-8ca5e233add7';",
              "err": {},
              "uuid": "5ed5f18f-aa55-4ce2-8f9d-6873baf9f540",
              "parentUUID": "03efc7fe-b43d-4e25-b16b-99ad4d52484b",
              "isHook": true,
              "skipped": false
            }
          ],
          "afterHooks": [],
          "tests": [
            {
              "title": "POST - Add Product",
              "fullTitle": "End to End Products Management POST - Add Product",
              "timedOut": false,
              "duration": 1697,
              "state": "passed",
              "speed": "slow",
              "pass": true,
              "fail": false,
              "pending": false,
              "context": null,
              "code": "const response = await postAddProduct(espressoId, accessToken);\nproductId = response.body.data.productId;\nexpect((await response).status).to.equal(201);\nexpect((await response).body.message).to.equal('Product berhasil ditambahkan');\nexpect((await response).body.status).to.equal('success');\nconsole.log(\"Status:\", response.status);\nconsole.log(\"Response Body:\", response.body);",
              "err": {},
              "uuid": "b5661f0c-2d5d-4de0-b534-9d07afcb5f5e",
              "parentUUID": "03efc7fe-b43d-4e25-b16b-99ad4d52484b",
              "isHook": false,
              "skipped": false
            },
            {
              "title": "GET - Product Detail",
              "fullTitle": "End to End Products Management GET - Product Detail",
              "timedOut": false,
              "duration": 1512,
              "state": "passed",
              "speed": "slow",
              "pass": true,
              "fail": false,
              "pending": false,
              "context": null,
              "code": "const response = await getProductDetail(productId, accessToken);\nexpect((await response).status).to.equal(200);\nexpect((await response).body.status).to.equal('success');\nconsole.log(\"Status:\", response.status);\nconsole.log(\"Response Body:\", response.body);",
              "err": {},
              "uuid": "d6fb16f0-f965-4998-b135-a08eaf7bdf85",
              "parentUUID": "03efc7fe-b43d-4e25-b16b-99ad4d52484b",
              "isHook": false,
              "skipped": false
            },
            {
              "title": "GET - Product List",
              "fullTitle": "End to End Products Management GET - Product List",
              "timedOut": false,
              "duration": 1038,
              "state": "passed",
              "speed": "slow",
              "pass": true,
              "fail": false,
              "pending": false,
              "context": null,
              "code": "const response = await getProductList(accessToken);\nexpect((await response).status).to.equal(200);\nexpect((await response).body.status).to.equal('success');\nconsole.log(\"Status:\", response.status);\nconsole.log(\"Response Body:\", response.body.data);",
              "err": {},
              "uuid": "84e8edd6-58b4-4693-8956-f33bef86db95",
              "parentUUID": "03efc7fe-b43d-4e25-b16b-99ad4d52484b",
              "isHook": false,
              "skipped": false
            },
            {
              "title": "PUT - Update Product",
              "fullTitle": "End to End Products Management PUT - Update Product",
              "timedOut": false,
              "duration": 1457,
              "state": "passed",
              "speed": "slow",
              "pass": true,
              "fail": false,
              "pending": false,
              "context": null,
              "code": "const response = await putUpdateProduct(espressoId, productId, accessToken);\nexpect((await response).status).to.equal(200);\nexpect((await response).body.status).to.equal('success');\nconsole.log(\"Status:\", response.status);\nconsole.log(\"Response Body:\", response.body);",
              "err": {},
              "uuid": "5c7e5889-5327-42b2-a0e5-e34785766f0e",
              "parentUUID": "03efc7fe-b43d-4e25-b16b-99ad4d52484b",
              "isHook": false,
              "skipped": false
            },
            {
              "title": "DELETE - Product",
              "fullTitle": "End to End Products Management DELETE - Product",
              "timedOut": false,
              "duration": 1710,
              "state": "passed",
              "speed": "slow",
              "pass": true,
              "fail": false,
              "pending": false,
              "context": null,
              "code": "const response = await deleteProduct(productId, accessToken);\nexpect((await response).status).to.equal(200);\nexpect((await response).body.status).to.equal('success');\nexpect((await response).body.message).to.equal('Product berhasil dihapus')\nconsole.log(\"Status:\", response.status);\nconsole.log(\"Response Body:\", response.body);",
              "err": {},
              "uuid": "9325c2bf-827d-4847-9486-8fba823402f9",
              "parentUUID": "03efc7fe-b43d-4e25-b16b-99ad4d52484b",
              "isHook": false,
              "skipped": false
            }
          ],
          "suites": [],
          "passes": [
            "b5661f0c-2d5d-4de0-b534-9d07afcb5f5e",
            "d6fb16f0-f965-4998-b135-a08eaf7bdf85",
            "84e8edd6-58b4-4693-8956-f33bef86db95",
            "5c7e5889-5327-42b2-a0e5-e34785766f0e",
            "9325c2bf-827d-4847-9486-8fba823402f9"
          ],
          "failures": [],
          "pending": [],
          "skipped": [],
          "duration": 7414,
          "root": false,
          "rootEmpty": false,
          "_timeout": 10000
        },
        {
          "uuid": "58e68776-faa4-4fc9-aafc-7931af5644fb",
          "title": "End to End Unit Management Testing",
          "fullFile": "D:\\QA\\mocha-chai\\api-mocha-kasirAja\\test\\suites\\unit.suite.js",
          "file": "\\test\\suites\\unit.suite.js",
          "beforeHooks": [
            {
              "title": "\"before all\" hook in \"End to End Unit Management Testing\"",
              "fullTitle": "End to End Unit Management Testing \"before all\" hook in \"End to End Unit Management Testing\"",
              "timedOut": false,
              "duration": 2979,
              "state": null,
              "speed": null,
              "pass": false,
              "fail": false,
              "pending": false,
              "context": null,
              "code": "accessToken = await getAccessToken();",
              "err": {},
              "uuid": "ad507fa7-fc5d-424f-ad70-79890b14497c",
              "parentUUID": "58e68776-faa4-4fc9-aafc-7931af5644fb",
              "isHook": true,
              "skipped": false
            }
          ],
          "afterHooks": [],
          "tests": [
            {
              "title": "POST - Add Unit",
              "fullTitle": "End to End Unit Management Testing POST - Add Unit",
              "timedOut": false,
              "duration": 1466,
              "state": "passed",
              "speed": "slow",
              "pass": true,
              "fail": false,
              "pending": false,
              "context": null,
              "code": "const response = await postCreateUnit(accessToken);\nunitId = response.body.data.unitId\nexpect((await response).status).to.equal(201);\nexpect((await response).body.message).to.equal('Unit berhasil ditambahkan');\nexpect((await response).body.status).to.equal('success');\nexpect((await response).body.data.name).to.equal('gram');\nconsole.log(\"Status:\", response.status);\nconsole.log(\"Response Body:\", response.body);",
              "err": {},
              "uuid": "a746f9a2-2881-4079-b1be-7ba98551b717",
              "parentUUID": "58e68776-faa4-4fc9-aafc-7931af5644fb",
              "isHook": false,
              "skipped": false
            },
            {
              "title": "Get - Unit Detail",
              "fullTitle": "End to End Unit Management Testing Get - Unit Detail",
              "timedOut": false,
              "duration": 1387,
              "state": "passed",
              "speed": "slow",
              "pass": true,
              "fail": false,
              "pending": false,
              "context": null,
              "code": "const response = await getUnitDetail(unitId, accessToken);\nexpect((await response).status).to.equal(200);\nexpect((await response).body.status).to.equal('success');\nconsole.log(\"Status:\", response.status);\nconsole.log(\"Response Body:\", response.body);",
              "err": {},
              "uuid": "21f4b9f7-cbbd-4117-b4e9-e7cf719d7470",
              "parentUUID": "58e68776-faa4-4fc9-aafc-7931af5644fb",
              "isHook": false,
              "skipped": false
            },
            {
              "title": "GET - User List",
              "fullTitle": "End to End Unit Management Testing GET - User List",
              "timedOut": false,
              "duration": 1480,
              "state": "passed",
              "speed": "slow",
              "pass": true,
              "fail": false,
              "pending": false,
              "context": null,
              "code": "const response = await getUnitList(accessToken);\nexpect((await response).status).to.equal(200);\nexpect((await response).body.status).to.equal('success');\nconsole.log(\"Status:\", response.status);\nconsole.log(\"Response Body:\", response.body.data);",
              "err": {},
              "uuid": "2fd3c5d0-e5c0-462d-b16c-c9a33f4e2e1f",
              "parentUUID": "58e68776-faa4-4fc9-aafc-7931af5644fb",
              "isHook": false,
              "skipped": false
            },
            {
              "title": "PUT - Update Unit",
              "fullTitle": "End to End Unit Management Testing PUT - Update Unit",
              "timedOut": false,
              "duration": 1095,
              "state": "passed",
              "speed": "slow",
              "pass": true,
              "fail": false,
              "pending": false,
              "context": null,
              "code": "const response = await putUpdateUnit(unitId, accessToken);\nconst expectedName = 'update-gram';\nexpect((await response).status).to.equal(200);\nexpect((await response).body.status).to.equal('success');\nexpect((await response).body.data.name).to.equal(expectedName);\nconsole.log(\"Status:\", response.status);\nconsole.log(\"Response Body:\", response.body);",
              "err": {},
              "uuid": "8088c006-63ed-4e77-8bf4-2820d383bf24",
              "parentUUID": "58e68776-faa4-4fc9-aafc-7931af5644fb",
              "isHook": false,
              "skipped": false
            },
            {
              "title": "DELETE - Unit",
              "fullTitle": "End to End Unit Management Testing DELETE - Unit",
              "timedOut": false,
              "duration": 1402,
              "state": "passed",
              "speed": "slow",
              "pass": true,
              "fail": false,
              "pending": false,
              "context": null,
              "code": "const response = await deleteUnit(unitId, accessToken);\nexpect((await response).status).to.equal(200);\nexpect((await response).body.status).to.equal('success');\nexpect((await response).body.data).to.be.an('object').that.is.empty;\nconsole.log(\"Status:\", response.status);\nconsole.log(\"Response Body:\", response.body);",
              "err": {},
              "uuid": "ca54424f-4647-4c86-976e-46d667483739",
              "parentUUID": "58e68776-faa4-4fc9-aafc-7931af5644fb",
              "isHook": false,
              "skipped": false
            }
          ],
          "suites": [],
          "passes": [
            "a746f9a2-2881-4079-b1be-7ba98551b717",
            "21f4b9f7-cbbd-4117-b4e9-e7cf719d7470",
            "2fd3c5d0-e5c0-462d-b16c-c9a33f4e2e1f",
            "8088c006-63ed-4e77-8bf4-2820d383bf24",
            "ca54424f-4647-4c86-976e-46d667483739"
          ],
          "failures": [],
          "pending": [],
          "skipped": [],
          "duration": 6830,
          "root": false,
          "rootEmpty": false,
          "_timeout": 10000
        },
        {
          "uuid": "668af089-b4d2-4f91-aa0c-3b9b999dfb7e",
          "title": "End to End User Management Testing",
          "fullFile": "D:\\QA\\mocha-chai\\api-mocha-kasirAja\\test\\suites\\user.suite.js",
          "file": "\\test\\suites\\user.suite.js",
          "beforeHooks": [
            {
              "title": "\"before all\" hook in \"End to End User Management Testing\"",
              "fullTitle": "End to End User Management Testing \"before all\" hook in \"End to End User Management Testing\"",
              "timedOut": false,
              "duration": 6145,
              "state": null,
              "speed": null,
              "pass": false,
              "fail": false,
              "pending": false,
              "context": null,
              "code": "accessToken = await getAccessToken();",
              "err": {},
              "uuid": "f332344f-fc35-482e-993e-e08ea8649e4b",
              "parentUUID": "668af089-b4d2-4f91-aa0c-3b9b999dfb7e",
              "isHook": true,
              "skipped": false
            }
          ],
          "afterHooks": [],
          "tests": [
            {
              "title": "POST - Create User Successful",
              "fullTitle": "End to End User Management Testing POST - Create User Successful",
              "timedOut": false,
              "duration": 1607,
              "state": "passed",
              "speed": "slow",
              "pass": true,
              "fail": false,
              "pending": false,
              "context": null,
              "code": "const response = await postCreateUser(accessToken);\nuserId = response.body.data.userId\nexpect(response.status).to.equal(201);\nexpect(response.body.message).to.equal('User berhasil ditambahkan');\nexpect(response.body.status).to.equal('success');\nconsole.log(\"Status:\", response.status);\nconsole.log(\"Response Body:\", response.body);",
              "err": {},
              "uuid": "6fe9582b-acef-4d18-af77-47d75af0a03d",
              "parentUUID": "668af089-b4d2-4f91-aa0c-3b9b999dfb7e",
              "isHook": false,
              "skipped": false
            },
            {
              "title": "GET - User Detail ",
              "fullTitle": "End to End User Management Testing GET - User Detail ",
              "timedOut": false,
              "duration": 1402,
              "state": "passed",
              "speed": "slow",
              "pass": true,
              "fail": false,
              "pending": false,
              "context": null,
              "code": "const response = await getUser(userId, accessToken);\nconst expectedName = 'akbar';\nexpect(response.status).to.equal(200);\nexpect(response.body.status).to.equal('success');\nexpect(response.body.data.user.name).to.equal(expectedName);\nconsole.log(\"Status:\", response.status);\nconsole.log(\"Response Body:\", response.body.data.user)",
              "err": {},
              "uuid": "719b6b38-07a2-44ec-988a-9dd8bbe93d9c",
              "parentUUID": "668af089-b4d2-4f91-aa0c-3b9b999dfb7e",
              "isHook": false,
              "skipped": false
            },
            {
              "title": "GET - Users List",
              "fullTitle": "End to End User Management Testing GET - Users List",
              "timedOut": false,
              "duration": 1510,
              "state": "passed",
              "speed": "slow",
              "pass": true,
              "fail": false,
              "pending": false,
              "context": null,
              "code": "const response = await getUserList(accessToken);\nexpect(response.status).to.equal(200);\nexpect(response.body.status).to.equal('success');\nconsole.log(\"Status:\", response.status);\nconsole.log(\"Response Body:\", response.body);",
              "err": {},
              "uuid": "b05d65d8-3534-41f9-877f-5236a3da58f6",
              "parentUUID": "668af089-b4d2-4f91-aa0c-3b9b999dfb7e",
              "isHook": false,
              "skipped": false
            },
            {
              "title": "PUT - Update User",
              "fullTitle": "End to End User Management Testing PUT - Update User",
              "timedOut": false,
              "duration": 1001,
              "state": "passed",
              "speed": "slow",
              "pass": true,
              "fail": false,
              "pending": false,
              "context": null,
              "code": "const response = await putUpdateUser(userId, accessToken);\nconst expectedName = 'akbar-update'\nexpect(response.status).to.equal(200);\nexpect(response.body.status).to.equal('success');\nexpect(response.body.message).to.equal('User berhasil diupdate');\nexpect(response.body.data.name).to.equal(expectedName);\nconsole.log(\"Status:\", response.status);\nconsole.log(\"Response Body:\", response.body.data);",
              "err": {},
              "uuid": "c44955c4-e79b-4734-af5d-a3ea2b8fbb94",
              "parentUUID": "668af089-b4d2-4f91-aa0c-3b9b999dfb7e",
              "isHook": false,
              "skipped": false
            },
            {
              "title": "DELETE - User Successful",
              "fullTitle": "End to End User Management Testing DELETE - User Successful",
              "timedOut": false,
              "duration": 993,
              "state": "passed",
              "speed": "slow",
              "pass": true,
              "fail": false,
              "pending": false,
              "context": null,
              "code": "const response = await deleteUser(userId, accessToken);\nexpect(response.status).to.equal(200);\nexpect(response.body.status).to.equal('success');\nexpect(response.body.message).to.equal('User berhasil dihapus');\nconsole.log(\"Status:\", response.status);\nconsole.log(\"Response Body:\", response.body);",
              "err": {},
              "uuid": "b3bcb285-f0b1-481c-91bf-4bdd81e9536c",
              "parentUUID": "668af089-b4d2-4f91-aa0c-3b9b999dfb7e",
              "isHook": false,
              "skipped": false
            }
          ],
          "suites": [],
          "passes": [
            "6fe9582b-acef-4d18-af77-47d75af0a03d",
            "719b6b38-07a2-44ec-988a-9dd8bbe93d9c",
            "b05d65d8-3534-41f9-877f-5236a3da58f6",
            "c44955c4-e79b-4734-af5d-a3ea2b8fbb94",
            "b3bcb285-f0b1-481c-91bf-4bdd81e9536c"
          ],
          "failures": [],
          "pending": [],
          "skipped": [],
          "duration": 6513,
          "root": false,
          "rootEmpty": false,
          "_timeout": 10000
        }
      ],
      "passes": [],
      "failures": [],
      "pending": [],
      "skipped": [],
      "duration": 0,
      "root": true,
      "rootEmpty": true,
      "_timeout": 10000
    }
  ],
  "meta": {
    "mocha": {
      "version": "10.8.2"
    },
    "mochawesome": {
      "options": {
        "quiet": false,
        "reportFilename": "mochawesome",
        "saveHtml": true,
        "saveJson": true,
        "consoleReporter": "spec",
        "useInlineDiffs": false,
        "code": true
      },
      "version": "7.1.3"
    },
    "marge": {
      "options": null,
      "version": "6.2.0"
    }
  }
}